<?xml version="1.0" encoding="UTF-8"?>
<!-- Generated by org.testng.reporters.JUnitReportReporter -->
<testsuite hostname="LAPTOP-P89UGL84" failures="0" tests="1" name="pkg.Abc" time="31.942" errors="0" timestamp="2024-02-14T11:38:11 IST" skipped="0">
  <testcase classname="pkg.Abc" name="test1" time="31.942"/>
  <system-out/>
</testsuite> <!-- pkg.Abc -->
